Compiled application.js  (2ms)  (pid 70228)
Compiled jquery.js  (44ms)  (pid 70228)
Compiled jquery_ujs.js  (0ms)  (pid 70228)
Compiled countdown.js  (0ms)  (pid 70228)
Compiled weddings.js  (2ms)  (pid 70228)
Compiled application.js  (2ms)  (pid 70295)
Compiled jquery.js  (1ms)  (pid 70295)
Compiled jquery_ujs.js  (0ms)  (pid 70295)
Compiled countdown.js  (0ms)  (pid 70295)
Compiled weddings.js  (2ms)  (pid 70295)
Compiled application.js  (2ms)  (pid 70345)
Compiled jquery.js  (1ms)  (pid 70345)
Compiled jquery_ujs.js  (0ms)  (pid 70345)
Compiled countdown.js  (0ms)  (pid 70345)
Compiled weddings.js  (2ms)  (pid 70345)
Compiled application.js  (2ms)  (pid 70779)
Compiled jquery.js  (1ms)  (pid 70779)
Compiled jquery_ujs.js  (0ms)  (pid 70779)
Compiled countdown.js  (0ms)  (pid 70779)
Compiled weddings.js  (2ms)  (pid 70779)
Compiled application.js  (3ms)  (pid 70805)
Compiled jquery.js  (1ms)  (pid 70805)
Compiled jquery_ujs.js  (0ms)  (pid 70805)
Compiled countdown.js  (0ms)  (pid 70805)
Compiled weddings.js  (2ms)  (pid 70805)
Compiled application.js  (28ms)  (pid 71380)
Compiled jquery.js  (41ms)  (pid 71380)
Compiled jquery_ujs.js  (0ms)  (pid 71380)
Compiled countdown.js  (0ms)  (pid 71380)
Compiled weddings.js  (2ms)  (pid 71380)


Started GET "/secubat_clients" for 127.0.0.1 at 2014-01-06 19:17:19 +0100
  Processing by SecubatClientsController#index as HTML
Rendered secubat_clients/_table_secubat_client_mailing.html.haml (5.0ms)
Rendered secubat_clients/_table_secubat_client_mailing.html.haml (0.8ms)
Rendered secubat_clients/_table_secubat_client_mailing.html.haml (0.4ms)
Rendered secubat_clients/_table_secubat_client_mailing.html.haml (0.4ms)
Rendered secubat_clients/_table_secubat_client_mailing.html.haml (0.4ms)
Rendered secubat_clients/_table_secubat_client_mailing.html.haml (0.4ms)
Rendered secubat_clients/_table_secubat_client_mailing.html.haml (0.4ms)
Rendered secubat_clients/_table_secubat_client_mailing.html.haml (0.5ms)
Rendered secubat_clients/_table_secubat_client_mailing.html.haml (0.6ms)
Rendered secubat_clients/_table_secubat_client_mailing.html.haml (0.8ms)
Rendered secubat_clients/_table_secubat_client_mailing.html.haml (1.0ms)
Rendered secubat_clients/_table_secubat_client_mailing.html.haml (0.6ms)
Rendered secubat_clients/_table_secubat_client_mailing.html.haml (0.6ms)
Rendered secubat_clients/_table_secubat_client_mailing.html.haml (0.4ms)
Rendered secubat_clients/_table_secubat_client_mailing.html.haml (0.4ms)
Rendered secubat_clients/_table_secubat_client_mailing.html.haml (0.7ms)
Rendered secubat_clients/_table_secubat_client_mailing.html.haml (0.5ms)
Rendered secubat_clients/_table_secubat_client_mailing.html.haml (0.4ms)
Rendered secubat_clients/_table_secubat_client_mailing.html.haml (0.4ms)
Rendered secubat_clients/_table_secubat_client_mailing.html.haml (0.4ms)
Rendered secubat_clients/_table_secubat_client_mailing.html.haml (0.9ms)
Rendered secubat_clients/_table_secubat_client_mailing.html.haml (0.4ms)
Rendered secubat_clients/_table_secubat_client_mailing.html.haml (1.1ms)
Rendered secubat_clients/_table_secubat_client_mailing.html.haml (1.1ms)
Rendered secubat_clients/_table_secubat_client_mailing.html.haml (0.4ms)
Rendered secubat_clients/_table_secubat_client_mailing.html.haml (0.7ms)
Rendered secubat_clients/_table_secubat_client_mailing.html.haml (0.4ms)
Rendered secubat_clients/_table_secubat_client_mailing.html.haml (0.7ms)
Rendered secubat_clients/_table_secubat_client_mailing.html.haml (0.8ms)
Rendered secubat_clients/_table_secubat_client_mailing.html.haml (0.5ms)
Rendered secubat_clients/_table_secubat_client_mailing.html.haml (0.5ms)
Rendered secubat_clients/_table_secubat_client_mailing.html.haml (0.4ms)
Rendered secubat_clients/_table_secubat_client_mailing.html.haml (0.4ms)
Rendered secubat_clients/_table_secubat_client_mailing.html.haml (0.7ms)
Rendered secubat_clients/_table_secubat_client_mailing.html.haml (0.5ms)
Rendered secubat_clients/_table_secubat_client_mailing.html.haml (0.4ms)
Rendered secubat_clients/_table_secubat_client_mailing.html.haml (0.4ms)
Rendered secubat_clients/_table_secubat_client_mailing.html.haml (0.8ms)
Rendered secubat_clients/_table_secubat_client_mailing.html.haml (0.4ms)
Rendered secubat_clients/_table_secubat_client_mailing.html.haml (0.4ms)
Rendered secubat_clients/_table_secubat_client_mailing.html.haml (0.4ms)
Rendered secubat_clients/_table_secubat_client_mailing.html.haml (0.4ms)
Rendered secubat_clients/_table_secubat_client_mailing.html.haml (0.4ms)
Rendered secubat_clients/_table_secubat_client_mailing.html.haml (0.4ms)
Rendered secubat_clients/_table_secubat_client_mailing.html.haml (0.5ms)
Rendered secubat_clients/_table_secubat_client_mailing.html.haml (0.4ms)
Rendered secubat_clients/_table_secubat_client_mailing.html.haml (0.4ms)
Rendered secubat_clients/_table_secubat_client_mailing.html.haml (0.4ms)
Rendered secubat_clients/_table_secubat_client_mailing.html.haml (0.7ms)
Rendered secubat_clients/_table_secubat_client_mailing.html.haml (0.4ms)
Rendered secubat_clients/_table_secubat_client_mailing.html.haml (0.4ms)
Rendered secubat_clients/_table_secubat_client_mailing.html.haml (0.4ms)
Rendered secubat_clients/_table_secubat_client_mailing.html.haml (0.4ms)
Rendered secubat_clients/_table_secubat_client_mailing.html.haml (0.4ms)
Rendered secubat_clients/_table_secubat_client_mailing.html.haml (0.4ms)
Rendered secubat_clients/_table_secubat_client_mailing.html.haml (0.4ms)
Rendered secubat_clients/_table_secubat_client_mailing.html.haml (0.5ms)
Rendered secubat_clients/_table_secubat_client_mailing.html.haml (0.4ms)
Rendered secubat_clients/_table_secubat_client_mailing.html.haml (0.4ms)
Rendered secubat_clients/_table_secubat_client_mailing.html.haml (0.4ms)
Rendered secubat_clients/_table_secubat_client_mailing.html.haml (0.4ms)
Rendered secubat_clients/_table_secubat_client_mailing.html.haml (0.4ms)
Rendered secubat_clients/_table_secubat_client_mailing.html.haml (0.4ms)
Rendered secubat_clients/_table_secubat_client_mailing.html.haml (0.5ms)
Rendered secubat_clients/_table_secubat_client_mailing.html.haml (0.4ms)
Rendered secubat_clients/_table_secubat_client_mailing.html.haml (0.7ms)
Rendered secubat_clients/_table_secubat_client_mailing.html.haml (0.4ms)
Rendered secubat_clients/_table_secubat_client_mailing.html.haml (0.4ms)
Rendered secubat_clients/_table_secubat_client_mailing.html.haml (0.4ms)
Rendered secubat_clients/_table_secubat_client_mailing.html.haml (0.4ms)
Rendered secubat_clients/_table_secubat_client_mailing.html.haml (0.4ms)
Rendered secubat_clients/_table_secubat_client_mailing.html.haml (0.7ms)
Rendered secubat_clients/_table_secubat_client_mailing.html.haml (0.4ms)
Rendered secubat_clients/_table_secubat_client_mailing.html.haml (0.4ms)
Rendered secubat_clients/_table_secubat_client_mailing.html.haml (0.4ms)
Rendered secubat_clients/_table_secubat_client_mailing.html.haml (0.4ms)
Rendered secubat_clients/_table_secubat_client_mailing.html.haml (0.4ms)
Rendered secubat_clients/_table_secubat_client_mailing.html.haml (0.4ms)
Rendered secubat_clients/_table_secubat_client_mailing.html.haml (0.4ms)
Rendered secubat_clients/_table_secubat_client_mailing.html.haml (0.4ms)
Rendered secubat_clients/_table_secubat_client_mailing.html.haml (0.4ms)
Rendered secubat_clients/_table_secubat_client_mailing.html.haml (0.4ms)
Rendered secubat_clients/_table_secubat_client_mailing.html.haml (0.4ms)
Rendered secubat_clients/_table_secubat_client_mailing.html.haml (0.4ms)
Rendered secubat_clients/_table_secubat_client_mailing.html.haml (0.4ms)
Rendered secubat_clients/_table_secubat_client_mailing.html.haml (0.4ms)
Rendered secubat_clients/_table_secubat_client_mailing.html.haml (0.4ms)
Rendered secubat_clients/_table_secubat_client_mailing.html.haml (0.4ms)
Rendered secubat_clients/_table_secubat_client_mailing.html.haml (0.4ms)
Rendered secubat_clients/_table_secubat_client_mailing.html.haml (0.4ms)
Rendered secubat_clients/_table_secubat_client_mailing.html.haml (0.4ms)
Rendered secubat_clients/_table_secubat_client_mailing.html.haml (0.4ms)
Rendered secubat_clients/_table_secubat_client_mailing.html.haml (0.7ms)
Rendered secubat_clients/_table_secubat_client_mailing.html.haml (0.4ms)
Rendered secubat_clients/_table_secubat_client_mailing.html.haml (0.4ms)
Rendered secubat_clients/_table_secubat_client_mailing.html.haml (0.7ms)
Rendered secubat_clients/_table_secubat_client_mailing.html.haml (0.4ms)
Rendered secubat_clients/_table_secubat_client_mailing.html.haml (0.5ms)
Rendered secubat_clients/_table_secubat_client_mailing.html.haml (0.4ms)
Rendered secubat_clients/_table_secubat_client_mailing.html.haml (0.4ms)
Rendered secubat_clients/_table_secubat_client_mailing.html.haml (0.4ms)
Rendered secubat_clients/_table_secubat_client_mailing.html.haml (0.4ms)
Rendered secubat_clients/_table_secubat_client_mailing.html.haml (0.4ms)
Rendered secubat_clients/_table_secubat_client_mailing.html.haml (0.4ms)
Rendered secubat_clients/_table_secubat_client_mailing.html.haml (0.4ms)
Rendered secubat_clients/_table_secubat_client_mailing.html.haml (0.4ms)
Rendered secubat_clients/_table_secubat_client_mailing.html.haml (0.4ms)
Rendered secubat_clients/_table_secubat_client_mailing.html.haml (0.4ms)
Rendered secubat_clients/_table_secubat_client_mailing.html.haml (0.5ms)
Rendered secubat_clients/_table_secubat_client_mailing.html.haml (0.4ms)
Rendered secubat_clients/_table_secubat_client_mailing.html.haml (6.6ms)
Rendered secubat_clients/_table_secubat_client_mailing.html.haml (1.5ms)
Rendered secubat_clients/_table_secubat_client_mailing.html.haml (0.8ms)
Rendered secubat_clients/_table_secubat_client_mailing.html.haml (0.8ms)
Rendered secubat_clients/_table_secubat_client_mailing.html.haml (0.7ms)
Rendered secubat_clients/_table_secubat_client_mailing.html.haml (0.4ms)
Rendered secubat_clients/_table_secubat_client_mailing.html.haml (1.0ms)
Rendered secubat_clients/_table_secubat_client_mailing.html.haml (0.6ms)
Rendered secubat_clients/_table_secubat_client_mailing.html.haml (0.6ms)
Rendered secubat_clients/_table_secubat_client_mailing.html.haml (0.6ms)
Rendered secubat_clients/_table_secubat_client_mailing.html.haml (0.4ms)
Rendered secubat_clients/_table_secubat_client_mailing.html.haml (0.6ms)
Rendered secubat_clients/_table_secubat_client_mailing.html.haml (0.6ms)
Rendered secubat_clients/_table_secubat_client_mailing.html.haml (0.6ms)
Rendered secubat_clients/_table_secubat_client_mailing.html.haml (0.6ms)
Rendered secubat_clients/_table_secubat_client_mailing.html.haml (0.4ms)
Rendered secubat_clients/_table_secubat_client_mailing.html.haml (0.4ms)
Rendered secubat_clients/_table_secubat_client_mailing.html.haml (0.7ms)
Rendered secubat_clients/_table_secubat_client_mailing.html.haml (0.7ms)
Rendered secubat_clients/_table_secubat_client_mailing.html.haml (0.4ms)
Rendered secubat_clients/_table_secubat_client_mailing.html.haml (0.4ms)
Rendered secubat_clients/_table_secubat_client_mailing.html.haml (0.4ms)
Rendered secubat_clients/_table_secubat_client_mailing.html.haml (0.4ms)
Rendered secubat_clients/_table_secubat_client_mailing.html.haml (0.4ms)
Rendered secubat_clients/_table_secubat_client_mailing.html.haml (0.4ms)
Rendered secubat_clients/_table_secubat_client_mailing.html.haml (0.4ms)
Rendered secubat_clients/_table_secubat_client_mailing.html.haml (0.4ms)
Rendered secubat_clients/_table_secubat_client_mailing.html.haml (0.4ms)
Rendered secubat_clients/_table_secubat_client_mailing.html.haml (0.4ms)
Rendered secubat_clients/_table_secubat_client_mailing.html.haml (0.4ms)
Rendered secubat_clients/_table_secubat_client_mailing.html.haml (0.4ms)
Rendered secubat_clients/_table_secubat_client_mailing.html.haml (0.4ms)
Rendered secubat_clients/_table_secubat_client_mailing.html.haml (0.4ms)
Rendered secubat_clients/_table_secubat_client_mailing.html.haml (0.5ms)
Rendered secubat_clients/_table_secubat_client_mailing.html.haml (0.4ms)
Rendered secubat_clients/_table_secubat_client_mailing.html.haml (0.7ms)
Rendered secubat_clients/_table_secubat_client_mailing.html.haml (0.4ms)
Rendered secubat_clients/_table_secubat_client_mailing.html.haml (0.4ms)
Rendered secubat_clients/_table_secubat_client_mailing.html.haml (0.4ms)
Rendered secubat_clients/_table_secubat_client_mailing.html.haml (0.4ms)
Rendered secubat_clients/_table_secubat_client_mailing.html.haml (0.4ms)
Rendered secubat_clients/_table_secubat_client_mailing.html.haml (0.6ms)
Rendered secubat_clients/_table_secubat_client_mailing.html.haml (0.4ms)
Rendered secubat_clients/_table_secubat_client_mailing.html.haml (0.6ms)
Rendered secubat_clients/_table_secubat_client_mailing.html.haml (0.4ms)
Rendered secubat_clients/_table_secubat_client_mailing.html.haml (0.4ms)
Rendered secubat_clients/_table_secubat_client_mailing.html.haml (0.4ms)
Rendered secubat_clients/_table_secubat_client_mailing.html.haml (0.4ms)
Rendered secubat_clients/_table_secubat_client_mailing.html.haml (0.4ms)
Rendered secubat_clients/_table_secubat_client_mailing.html.haml (0.4ms)
Rendered secubat_clients/_table_secubat_client_mailing.html.haml (0.4ms)
Rendered secubat_clients/_table_secubat_client_mailing.html.haml (0.4ms)
Rendered secubat_clients/_table_secubat_client_mailing.html.haml (0.4ms)
Rendered secubat_clients/_table_secubat_client_mailing.html.haml (0.4ms)
Rendered secubat_clients/_table_secubat_client_mailing.html.haml (0.4ms)
Rendered secubat_clients/_table_secubat_client_mailing.html.haml (0.4ms)
Rendered secubat_clients/_table_secubat_client_mailing.html.haml (0.4ms)
Rendered secubat_clients/_table_secubat_client_mailing.html.haml (0.4ms)
Rendered secubat_clients/_table_secubat_client_mailing.html.haml (0.6ms)
Rendered secubat_clients/_table_secubat_client_mailing.html.haml (0.4ms)
Rendered secubat_clients/_table_secubat_client_mailing.html.haml (0.4ms)
Rendered secubat_clients/_table_secubat_client_mailing.html.haml (0.4ms)
Rendered secubat_clients/_table_secubat_client_mailing.html.haml (0.4ms)
Rendered secubat_clients/_table_secubat_client_mailing.html.haml (0.4ms)
Rendered secubat_clients/_table_secubat_client_mailing.html.haml (0.6ms)
Rendered secubat_clients/_table_secubat_client_mailing.html.haml (0.6ms)
Rendered secubat_clients/_table_secubat_client_mailing.html.haml (0.4ms)
Rendered secubat_clients/_table_secubat_client_mailing.html.haml (0.4ms)
Rendered secubat_clients/_table_secubat_client_mailing.html.haml (0.4ms)
Rendered secubat_clients/_table_secubat_client_mailing.html.haml (0.4ms)
Rendered secubat_clients/_table_secubat_client_mailing.html.haml (0.4ms)
Rendered secubat_clients/_table_secubat_client_mailing.html.haml (0.4ms)
Rendered secubat_clients/_table_secubat_client_mailing.html.haml (0.4ms)
Rendered secubat_clients/_table_secubat_client_mailing.html.haml (0.7ms)
Rendered secubat_clients/_table_secubat_client_mailing.html.haml (0.4ms)
Rendered secubat_clients/_table_secubat_client_mailing.html.haml (0.4ms)
Rendered secubat_clients/_table_secubat_client_mailing.html.haml (0.4ms)
Rendered secubat_clients/_table_secubat_client_mailing.html.haml (0.4ms)
Rendered secubat_clients/_table_secubat_client_mailing.html.haml (0.4ms)
Rendered secubat_clients/_table_secubat_client_mailing.html.haml (0.4ms)
Rendered secubat_clients/_table_secubat_client_mailing.html.haml (0.4ms)
Rendered secubat_clients/_table_secubat_client_mailing.html.haml (0.4ms)
Rendered secubat_clients/_table_secubat_client_mailing.html.haml (0.4ms)
Rendered secubat_clients/_table_secubat_client_mailing.html.haml (0.4ms)
Rendered secubat_clients/_table_secubat_client_mailing.html.haml (0.4ms)
Rendered secubat_clients/_table_secubat_client_mailing.html.haml (0.4ms)
Rendered secubat_clients/_table_secubat_client_mailing.html.haml (0.4ms)
Rendered secubat_clients/_table_secubat_client_mailing.html.haml (0.4ms)
Rendered secubat_clients/_table_secubat_client_mailing.html.haml (0.4ms)
Rendered secubat_clients/_table_secubat_client_mailing.html.haml (0.4ms)
Rendered secubat_clients/_table_secubat_client_mailing.html.haml (0.7ms)
Rendered secubat_clients/_table_secubat_client_mailing.html.haml (0.4ms)
Rendered secubat_clients/_table_secubat_client_mailing.html.haml (0.4ms)
Rendered secubat_clients/_table_secubat_client_mailing.html.haml (0.4ms)
Rendered secubat_clients/_table_secubat_client_mailing.html.haml (0.4ms)
Rendered secubat_clients/_table_secubat_client_mailing.html.haml (0.4ms)
Rendered secubat_clients/_table_secubat_client_mailing.html.haml (0.4ms)
Rendered secubat_clients/_table_secubat_client_mailing.html.haml (0.3ms)
Rendered secubat_clients/_table_secubat_client_mailing.html.haml (0.4ms)
Rendered secubat_clients/_table_secubat_client_mailing.html.haml (0.4ms)
Rendered secubat_clients/_table_secubat_client_mailing.html.haml (0.6ms)
Rendered secubat_clients/_table_secubat_client_mailing.html.haml (0.4ms)
Rendered secubat_clients/_table_secubat_client_mailing.html.haml (0.4ms)
Rendered secubat_clients/_table_secubat_client_mailing.html.haml (0.4ms)
Rendered secubat_clients/_table_secubat_client_mailing.html.haml (0.9ms)
Rendered secubat_clients/_table_secubat_client_mailing.html.haml (0.4ms)
Rendered secubat_clients/_table_secubat_client_mailing.html.haml (0.4ms)
Rendered secubat_clients/_table_secubat_client_mailing.html.haml (0.5ms)
Rendered secubat_clients/_table_secubat_client_mailing.html.haml (0.4ms)
Rendered secubat_clients/_table_secubat_client_mailing.html.haml (0.4ms)
Rendered secubat_clients/_table_secubat_client_mailing.html.haml (0.3ms)
Rendered secubat_clients/_table_secubat_client_mailing.html.haml (0.4ms)
Rendered secubat_clients/_table_secubat_client_mailing.html.haml (0.4ms)
Rendered secubat_clients/_table_secubat_client_mailing.html.haml (0.4ms)
Rendered secubat_clients/_table_secubat_client_mailing.html.haml (0.4ms)
Rendered secubat_clients/_table_secubat_client_mailing.html.haml (0.4ms)
Rendered secubat_clients/_table_secubat_client_mailing.html.haml (0.4ms)
Rendered secubat_clients/_table_secubat_client_mailing.html.haml (0.4ms)
Rendered secubat_clients/_table_secubat_client_mailing.html.haml (0.4ms)
Rendered secubat_clients/_table_secubat_client_mailing.html.haml (0.4ms)
Rendered secubat_clients/_table_secubat_client_mailing.html.haml (0.4ms)
Rendered secubat_clients/_table_secubat_client_mailing.html.haml (0.4ms)
Rendered secubat_clients/_table_secubat_client_mailing.html.haml (0.5ms)
Rendered secubat_clients/_table_secubat_client_mailing.html.haml (0.7ms)
Rendered secubat_clients/_table_secubat_client_mailing.html.haml (0.4ms)
Rendered secubat_clients/_table_secubat_client_mailing.html.haml (0.4ms)
Rendered secubat_clients/_table_secubat_client_mailing.html.haml (0.4ms)
Rendered secubat_clients/_table_secubat_client_mailing.html.haml (0.4ms)
Rendered secubat_clients/_table_secubat_client_mailing.html.haml (0.4ms)
Rendered secubat_clients/_table_secubat_client_mailing.html.haml (0.4ms)
Rendered secubat_clients/_table_secubat_client_mailing.html.haml (0.4ms)
Rendered secubat_clients/_table_secubat_client_mailing.html.haml (0.3ms)
Rendered secubat_clients/_table_secubat_client_mailing.html.haml (0.4ms)
Rendered secubat_clients/_table_secubat_clients.html.haml (583.5ms)
Rendered secubat_clients/index.html.haml within layouts/application (716.8ms)
Completed 500 Internal Server Error in 991ms

ActionView::Template::Error (bootstrap.min.css isn't precompiled):
    7:       - else
    8:         = "Dashboard"
    9:     -#%link{ :href => "http://twitter.github.com/bootstrap/1.4.0/bootstrap.min.css", :rel => "stylesheet" }
    10:     = stylesheet_link_tag "bootstrap.min.css", :application
    11:     = javascript_include_tag 'http://code.jquery.com/jquery-1.5.2.min.js'
    12:     = javascript_include_tag 'jquery', 'jquery_ujs', 'jquery.tablesorter.js', 'jquery.tablesorter.widgets.js', 'bootstrap-dropdown'
    13:     = csrf_meta_tags
  app/views/layouts/application.html.haml:10:in `_app_views_layouts_application_html_haml__693122401701864653_2162947240'
  app/controllers/secubat_clients_controller.rb:15:in `index'

Rendered /Users/benoitbeaudenon/.rvm/gems/ruby-1.9.3-head@wikidate/gems/actionpack-3.1.3/lib/action_dispatch/middleware/templates/rescues/_trace.erb (1.3ms)
Rendered /Users/benoitbeaudenon/.rvm/gems/ruby-1.9.3-head@wikidate/gems/actionpack-3.1.3/lib/action_dispatch/middleware/templates/rescues/_request_and_response.erb (0.9ms)
Rendered /Users/benoitbeaudenon/.rvm/gems/ruby-1.9.3-head@wikidate/gems/actionpack-3.1.3/lib/action_dispatch/middleware/templates/rescues/template_error.erb within rescues/layout (11.7ms)
